#
# There is insufficient memory for the Java Runtime Environment to continue.
# Native memory allocation (mmap) failed to map 132120576 bytes. Error detail: G1 virtual space
# Possible reasons:
#   The system is out of physical RAM or swap space
#   This process is running with CompressedOops enabled, and the Java Heap may be blocking the growth of the native heap
# Possible solutions:
#   Reduce memory load on the system
#   Increase physical memory or swap space
#   Check if swap backing store is full
#   Decrease Java heap size (-Xmx/-Xms)
#   Decrease number of Java threads
#   Decrease Java thread stack sizes (-Xss)
#   Set larger code cache with -XX:ReservedCodeCacheSize=
#   JVM is running with Unscaled Compressed Oops mode in which the Java heap is
#     placed in the first 4GB address space. The Java Heap base address is the
#     maximum limit for the native heap growth. Please use -XX:HeapBaseMinAddress
#     to set the Java Heap base and to place the Java Heap above 4GB virtual address.
# This output file may be truncated or incomplete.
#
#  Out of Memory Error (os_windows.cpp:3703), pid=13264, tid=2240
#
# JRE version:  (23.0.1+11) (build )
# Java VM: Java HotSpot(TM) 64-Bit Server VM (23.0.1+11-39, mixed mode, sharing, tiered, compressed oops, compressed class ptrs, g1 gc, windows-amd64)
# No core dump will be written. Minidumps are not enabled by default on client versions of Windows
#

---------------  S U M M A R Y ------------

Command Line: --enable-native-access=ALL-UNNAMED 

Host: Intel(R) Core(TM) i5-8365U CPU @ 1.60GHz, 8 cores, 7G,  Windows 10 , 64 bit Build 19041 (10.0.19041.5915)
Time: Tue Feb 10 14:17:38 2026 Maroc (heure d64 bit Build 19041 (10.0.19041.5915) elapsed time: 0.128076 seconds (0d 0h 0m 0s)

---------------  T H R E A D  ---------------

Current thread (0x000002215847ec60):  JavaThread "Unknown thread" [_thread_in_vm, id=2240, stack(0x0000009244300000,0x0000009244400000) (1024K)]

Stack: [0x0000009244300000,0x0000009244400000]
Native frames: (J=compiled Java code, j=interpreted, Vv=VM code, C=native code)
V  [jvm.dll+0x6e08b9]  (no source info available)
V  [jvm.dll+0x87dc83]  (no source info available)
V  [jvm.dll+0x88010e]  (no source info available)
V  [jvm.dll+0x8807e3]  (no source info available)
V  [jvm.dll+0x27aee6]  (no source info available)
V  [jvm.dll+0x6dd1c5]  (no source info available)
V  [jvm.dll+0x6d104a]  (no source info available)
V  [jvm.dll+0x35b3ea]  (no source info available)
V  [jvm.dll+0x3637f6]  (no source info available)
V  [jvm.dll+0x34fd5e]  (no source info available)
V  [jvm.dll+0x34fff8]  (no source info available)
V  [jvm.dll+0x3289cc]  (no source info available)
V  [jvm.dll+0x32966e]  (no source info available)
V  [jvm.dll+0x844355]  (no source info available)
V  [jvm.dll+0x3b9848]  (no source info available)
V  [jvm.dll+0x82d14c]  (no source info available)
V  [jvm.dll+0x454d4e]  (no source info available)
V  [jvm.dll+0x456bd1]  (no source info available)
C  [jli.dll+0x52a3]  (no source info available)
C  [ucrtbase.dll+0x21bb2]  (no source info available)
C  [KERNEL32.DLL+0x17374]  (no source info available)
C  [ntdll.dll+0x4cc91]  (no source info available)

Lock stack of current Java thread (top to bottom):


---------------  P R O C E S S  ---------------

Threads class SMR info:
_java_thread_list=0x00007ffb1fc63618, length=0, elements={
}

Java Threads: ( => current thread )
Total: 0

Other Threads:
  0x000002215a6a9250 WorkerThread "GC Thread#0"                     [id=6940, stack(0x0000009244400000,0x0000009244500000) (1024K)]
  0x000002215a6bef30 ConcurrentGCThread "G1 Main Marker"            [id=34508, stack(0x0000009244500000,0x0000009244600000) (1024K)]
  0x000002215a6bfa40 WorkerThread "G1 Conc#0"                       [id=6884, stack(0x0000009244600000,0x0000009244700000) (1024K)]

[error occurred during error reporting (printing all threads), id 0xc0000005, EXCEPTION_ACCESS_VIOLATION (0xc0000005) at pc=0x00007ffb1f3abfba]
VM state: not at safepoint (not fully initialized)

VM Mutex/Monitor currently owned by a thread:  ([mutex/lock_event])
[0x00007ffb1fce3a10] Heap_lock - owner thread: 0x000002215847ec60

Heap address: 0x0000000083000000, size: 2000 MB, Compressed Oops mode: 32-bit

CDS archive(s) mapped at: [0x0000000000000000-0x0000000000000000-0x0000000000000000), size 0, SharedBaseAddress: 0x0000000800000000, ArchiveRelocationMode: 1.
Narrow klass base: 0x0000000000000000, Narrow klass shift: 0, Narrow klass range: 0x0

GC Precious Log:
 CardTable entry size: 512
 Card Set container configuration: InlinePtr #cards 5 size 8 Array Of Cards #cards 10 size 36 Howl #buckets 4 coarsen threshold 1843 Howl Bitmap #cards 512 size 80 coarsen threshold 460 Card regions per heap region 1 cards per card region 2048

Heap:
 garbage-first heap   total reserved 2048000K, committed 0K, used 0K [0x0000000083000000, 0x0000000100000000)
  region size 1024K, 0 young (0K), 0 survivors (0K)

[error occurred during error reporting (printing heap information), id 0xc0000005, EXCEPTION_ACCESS_VIOLATION (0xc0000005) at pc=0x00007ffb1f7ac3c9]
GC Heap History (0 events):
No events

Dll operation events (1 events):
Event: 0.088 Loaded shared library C:\Program Files\Java\jdk-23\bin\java.dll

Deoptimization events (0 events):
No events

Classes loaded (0 events):
No events

Classes unloaded (0 events):
No events

Classes redefined (0 events):
No events

Internal exceptions (0 events):
No events

VM Operations (0 events):
No events

Memory protections (0 events):
No events

Nmethod flushes (0 events):
No events

Events (0 events):
No events


Dynamic libraries:
0x00007ff723010000 - 0x00007ff723020000 	C:\Program Files\Java\jdk-23\bin\java.exe
0x00007ffbb88d0000 - 0x00007ffbb8ac8000 	C:\Windows\SYSTEM32\ntdll.dll
0x00007ffbb8760000 - 0x00007ffbb8822000 	C:\Windows\System32\KERNEL32.DLL
0x00007ffbb64f0000 - 0x00007ffbb67e6000 	C:\Windows\System32\KERNELBASE.dll
0x00007ffbb67f0000 - 0x00007ffbb68f0000 	C:\Windows\System32\ucrtbase.dll
0x00007ffb97030000 - 0x00007ffb9704b000 	C:\Program Files\Java\jdk-23\bin\VCRUNTIME140.dll
0x00007ffb97050000 - 0x00007ffb97067000 	C:\Program Files\Java\jdk-23\bin\jli.dll
0x00007ffbb7850000 - 0x00007ffbb79f1000 	C:\Windows\System32\USER32.dll
0x00007ffbb62d0000 - 0x00007ffbb62f2000 	C:\Windows\System32\win32u.dll
0x00007ffb9e2f0000 - 0x00007ffb9e58b000 	C:\Windows\WinSxS\amd64_microsoft.windows.common-controls_6595b64144ccf1df_6.0.19041.6456_none_60b8a6cb71f64256\COMCTL32.dll
0x00007ffbb68f0000 - 0x00007ffbb691b000 	C:\Windows\System32\GDI32.dll
0x00007ffbb7360000 - 0x00007ffbb73fe000 	C:\Windows\System32\msvcrt.dll
0x00007ffbb6300000 - 0x00007ffbb6419000 	C:\Windows\System32\gdi32full.dll
0x00007ffbb6200000 - 0x00007ffbb629d000 	C:\Windows\System32\msvcp_win.dll
0x00007ffbb8730000 - 0x00007ffbb875f000 	C:\Windows\System32\IMM32.DLL
0x00007ffbb1cc0000 - 0x00007ffbb1ccc000 	C:\Program Files\Java\jdk-23\bin\vcruntime140_1.dll
0x00007ffb86a90000 - 0x00007ffb86b1e000 	C:\Program Files\Java\jdk-23\bin\msvcp140.dll
0x00007ffb1f070000 - 0x00007ffb1fdbf000 	C:\Program Files\Java\jdk-23\bin\server\jvm.dll
0x00007ffbb7790000 - 0x00007ffbb7841000 	C:\Windows\System32\ADVAPI32.dll
0x00007ffbb7550000 - 0x00007ffbb75ef000 	C:\Windows\System32\sechost.dll
0x00007ffbb6a00000 - 0x00007ffbb6b20000 	C:\Windows\System32\RPCRT4.dll
0x00007ffbb62a0000 - 0x00007ffbb62c7000 	C:\Windows\System32\bcrypt.dll
0x00007ffbb7710000 - 0x00007ffbb777b000 	C:\Windows\System32\WS2_32.dll
0x00007ffbb5d10000 - 0x00007ffbb5d5b000 	C:\Windows\SYSTEM32\POWRPROF.dll
0x00007ffb9edb0000 - 0x00007ffb9edd7000 	C:\Windows\SYSTEM32\WINMM.dll
0x00007ffbaf200000 - 0x00007ffbaf20a000 	C:\Windows\SYSTEM32\VERSION.dll
0x00007ffbb5cf0000 - 0x00007ffbb5d02000 	C:\Windows\SYSTEM32\UMPDC.dll
0x00007ffbb4730000 - 0x00007ffbb4742000 	C:\Windows\SYSTEM32\kernel.appcore.dll
0x00007ffba53f0000 - 0x00007ffba53fa000 	C:\Program Files\Java\jdk-23\bin\jimage.dll
0x00007ffbb3ae0000 - 0x00007ffbb3ce1000 	C:\Windows\SYSTEM32\DBGHELP.DLL
0x00007ffbab540000 - 0x00007ffbab574000 	C:\Windows\SYSTEM32\dbgcore.DLL
0x00007ffbb60c0000 - 0x00007ffbb6142000 	C:\Windows\System32\bcryptPrimitives.dll
0x00007ffb96f80000 - 0x00007ffb96f9e000 	C:\Program Files\Java\jdk-23\bin\java.dll
0x00007ffbb6b20000 - 0x00007ffbb6c4b000 	C:\Windows\System32\ole32.dll
0x00007ffbb7c40000 - 0x00007ffbb7f94000 	C:\Windows\System32\combase.dll
0x00007ffbb7fa0000 - 0x00007ffbb8710000 	C:\Windows\System32\SHELL32.dll

dbghelp: loaded successfully - version: 4.0.5 - missing functions: none
symbol engine: initialized successfully - sym options: 0x614 - pdb path: .;C:\Program Files\Java\jdk-23\bin;C:\Windows\SYSTEM32;C:\Windows\WinSxS\amd64_microsoft.windows.common-controls_6595b64144ccf1df_6.0.19041.6456_none_60b8a6cb71f64256;C:\Program Files\Java\jdk-23\bin\server

VM Arguments:
jvm_args: --enable-native-access=ALL-UNNAMED 
java_command: <unknown>
java_class_path (initial): <not set>
Launcher Type: SUN_STANDARD

[Global flags]
     intx CICompilerCount                          = 4                                         {product} {ergonomic}
     uint ConcGCThreads                            = 2                                         {product} {ergonomic}
     uint G1ConcRefinementThreads                  = 8                                         {product} {ergonomic}
   size_t G1HeapRegionSize                         = 1048576                                   {product} {ergonomic}
   size_t InitialHeapSize                          = 132120576                                 {product} {ergonomic}
   size_t MarkStackSize                            = 4194304                                   {product} {ergonomic}
   size_t MarkStackSizeMax                         = 536870912                                 {product} {ergonomic}
   size_t MaxHeapSize                              = 2097152000                                {product} {ergonomic}
   size_t MinHeapDeltaBytes                        = 1048576                                   {product} {ergonomic}
   size_t MinHeapSize                              = 8388608                                   {product} {ergonomic}
    uintx NonNMethodCodeHeapSize                   = 5832704                                {pd product} {ergonomic}
    uintx NonProfiledCodeHeapSize                  = 122945536                              {pd product} {ergonomic}
    uintx ProfiledCodeHeapSize                     = 122880000                              {pd product} {ergonomic}
    uintx ReservedCodeCacheSize                    = 251658240                              {pd product} {ergonomic}
     bool SegmentedCodeCache                       = true                                      {product} {ergonomic}
   size_t SoftMaxHeapSize                          = 2097152000                             {manageable} {ergonomic}
     bool UseCompressedOops                        = true                           {product lp64_product} {ergonomic}
     bool UseG1GC                                  = true                                      {product} {ergonomic}
     bool UseLargePagesIndividualAllocation        = false                                  {pd product} {ergonomic}

Logging:
Log output configuration:
 #0: stdout all=warning uptime,level,tags foldmultilines=false
 #1: stderr all=off uptime,level,tags foldmultilines=false

Environment Variables:
PATH=C:\Program Files\Common Files\Oracle\Java\javapath;C:\Python312\Scripts\;C:\Python312\;C:\Windows\system32;C:\Windows;C:\Windows\System32\Wbem;C:\Windows\System32\WindowsPowerShell\v1.0\;C:\Windows\System32\OpenSSH\;C:\xampp\php;C:\ProgramData\ComposerSetup\bin;C:\Program Files\Git\cmd;C:\Program Files\dotnet\;C:\Program Files (x86)\Windows Kits\10\Windows Performance Toolkit\;C:\ProgramData\chocolatey\bin;C:\Program Files\Microsoft SQL Server\150\Tools\Binn\;C:\Program Files\Microsoft SQL Server\Client SDK\ODBC\170\Tools\Binn\;C:\Program Files (x86)\Microsoft SQL Server\160\Tools\Binn\;C:\Program Files\Microsoft SQL Server\160\Tools\Binn\;C:\Program Files\Microsoft SQL Server\160\DTS\Binn\;C:\Program Files (x86)\Microsoft SQL Server\160\DTS\Binn\;C:\Program Files\cursor\resources\app\bin;C:\Users\HP Elitebook 840 G6\AppData\Local\nvm;C:\nvm4w\nodejs;C:\Program Files\nodejs\;C:\Users\HP Elitebook 840 G6\AppData\Local\Programs\Python\Python310;C:\Users\HP Elitebook 840 G6\AppData\Local\Programs\Python\Python310\Scripts;C:\Users\HP Elitebook 840 G6\AppData\Local\Microsoft\WindowsApps;C:\Users\HP Elitebook 840 G6\AppData\Local\Programs\Microsoft VS Code\bin;C:\Users\HP Elitebook 840 G6\AppData\Roaming\Composer\vendor\bin;C:\Users\HP Elitebook 840 G6\.dotnet\tools;C:\Users\HP Elitebook 840 G6\AppData\Local\Programs\Antigravity\bin;C:\Program Files (x86)\Nmap;C:\Users\HP Elitebook 840 G6\AppData\Local\nvm;C:\nvm4w\nodejs;C:\Users\HP Elitebook 840 G6\AppData\Roaming\npm;C:\Users\HP Elitebook 840 G6\AppData\Local\Android\Sdk\platform-tools;C:\Users\HP Elitebook 840 G6\AppData\Local\Android\Sdk\emulator;C:\Users\HP Elitebook 840 G6\AppData\Local\Android\Sdk\tools;C:\Users\HP Elitebook 840 G6\AppData\Local\Android\Sdk\tools\bin;c:\Users\HP Elitebook 840 G6\.cursor\extensions\vscjava.vscode-java-debug-0.58.5-universal\bundled\scripts\noConfigScripts
USERNAME=HP Elitebook 840 G6
LANG=en_US.UTF-8
OS=Windows_NT
PROCESSOR_IDENTIFIER=Intel64 Family 6 Model 142 Stepping 12, GenuineIntel
TMP=C:\Users\HPELIT~1\AppData\Local\Temp
TEMP=C:\Users\HPELIT~1\AppData\Local\Temp




Periodic native trim disabled

---------------  S Y S T E M  ---------------

OS:
 Windows 10 , 64 bit Build 19041 (10.0.19041.5915)
OS uptime: 61 days 4:55 hours
Hyper-V role detected

CPU: total 8 (initial active 8) (4 cores per cpu, 2 threads per core) family 6 model 142 stepping 12 microcode 0xf6, cx8, cmov, fxsr, ht, mmx, 3dnowpref, sse, sse2, sse3, ssse3, sse4.1, sse4.2, popcnt, lzcnt, tsc, tscinvbit, avx, avx2, aes, erms, clmul, bmi1, bmi2, adx, fma, vzeroupper, clflush, clflushopt, hv, rdtscp, f16c
Processor Information for the first 8 processors :
  Max Mhz: 1896, Current Mhz: 1596, Mhz Limit: 1592

Memory: 4k page, system-wide physical 7998M (696M free)
TotalPageFile size 32574M (AvailPageFile size 51M)
current process WorkingSet (physical memory assigned to process): 11M, peak: 11M
current process commit charge ("private bytes"): 60M, peak: 186M

vm_info: Java HotSpot(TM) 64-Bit Server VM (23.0.1+11-39) for windows-amd64 JRE (23.0.1+11-39), built on 2024-09-30T07:20:43Z with MS VC++ 17.6 (VS2022)

END.
